<?xml version="1.0" encoding="UTF-8"?>
<!-- Generated by org.testng.reporters.JUnitXMLReporter -->
<testsuite hostname="AjithL" ignored="0" name="Test Admin Usermangement User" tests="2" failures="0" timestamp="2021-04-02T12:30:41 IST" time="49.189" errors="0">
  <testcase name="admin" time="0.0" classname="testcase.Test_Admin_Usermangement_User">
    <skipped/>
  </testcase> <!-- admin -->
  <testcase name="SystemUser" time="0.0" classname="testcase.Test_Admin_Usermangement_User">
    <skipped/>
  </testcase> <!-- SystemUser -->
</testsuite> <!-- Test Admin Usermangement User -->
