<?xml version="1.0" encoding="UTF-8"?>
<!-- Generated by org.testng.reporters.JUnitXMLReporter -->
<testsuite hostname="AjithL" ignored="0" name="Test Admin Usermangement User" tests="2" failures="0" timestamp="2021-03-22T15:03:21 IST" time="27.939" errors="0">
  <testcase name="admin" time="2.887" classname="testcase.Test_Admin_Usermangement_User"/>
  <testcase name="SystemUser" time="2.277" classname="testcase.Test_Admin_Usermangement_User"/>
</testsuite> <!-- Test Admin Usermangement User -->
